#
# An unexpected error has been detected by HotSpot Virtual Machine:
#
#  EXCEPTION_ACCESS_VIOLATION (0xc0000005) at pc=0x6d0e92c9, pid=4484, tid=2924
#
# Java VM: Java HotSpot(TM) Client VM (1.5.0-b64 mixed mode)
# Problematic frame:
# C  [awt.dll+0xe92c9]
#

---------------  T H R E A D  ---------------

Current thread (0x0d5dc328):  JavaThread "AWT-EventQueue-0" [_thread_in_native, id=2924]

siginfo: ExceptionCode=0xc0000005, reading address 0x00000019

Registers:
EAX=0x0dfd47e0, EBX=0x00000000, ECX=0x0d8b69f0, EDX=0x00000001
ESP=0x0dd2f698, EBP=0x0dd2f6c4, ESI=0x0b564130, EDI=0x0d5dc3e4
EIP=0x6d0e92c9, EFLAGS=0x00010246

Top of Stack: (sp=0x0dd2f698)
0x0dd2f698:   0b564130 6d0ea30d 00000001 0dd2f6b0
0x0dd2f6a8:   0d5dc328 0b564130 00000000 00000000
0x0dd2f6b8:   00000000 00000000 0d5e0a50 0dd2f6f4
0x0dd2f6c8:   02fb826f 0d5ebd62 0dd2f708 00000001
0x0dd2f6d8:   0dd2f6d8 00000000 0dd2f708 0b5655c8
0x0dd2f6e8:   00000000 0b564130 0dd2f704 0dd2f728
0x0dd2f6f8:   02fb29fa 00000000 02fb6453 00000001
0x0dd2f708:   05fb9a60 0dd2f70c 0b5641a8 0dd2f730 

Instructions: (pc=0x6d0e92c9)
0x6d0e92b9:   4f fc ff 8b 4c 24 08 8b 14 88 8b 0d 6c ff 12 6d
0x6d0e92c9:   8b 72 18 e8 af 4f fc ff 8b c6 5e c3 90 90 90 90 


Stack: [0x0dcb0000,0x0dd30000),  sp=0x0dd2f698,  free space=509k
Native frames: (J=compiled Java code, j=interpreted, Vv=VM code, C=native code)
C  [awt.dll+0xe92c9]
j  sun.awt.Win32GraphicsConfig.getBounds(I)Ljava/awt/Rectangle;+0
j  sun.awt.Win32GraphicsConfig.getBounds()Ljava/awt/Rectangle;+8
j  com.mathworks.mwswing.MJUtilities.getVirtualScreenBounds()Ljava/awt/Rectangle;+48
j  com.mathworks.mwswing.desk.DTSingleClientFrame.refineLocation(Lcom/mathworks/mwswing/desk/DTLocation;)Lcom/mathworks/mwswing/desk/DTFloatingLocation;+457
j  com.mathworks.mwswing.desk.DTSingleClientFrame.addClient(Lcom/mathworks/mwswing/desk/DTClient;Lcom/mathworks/mwswing/desk/DTLocation;)V+290
j  com.mathworks.mwswing.desk.Desktop.setClientShowing(Lcom/mathworks/mwswing/desk/DTClient;ZLcom/mathworks/mwswing/desk/DTLocation;Z)V+693
j  com.mathworks.mwswing.desk.Desktop.showClient(Ljava/awt/Component;Lcom/mathworks/mwswing/desk/DTLocation;Z)V+55
j  com.mathworks.mde.desk.MLDesktop.showClient(Ljava/awt/Component;Lcom/mathworks/mwswing/desk/DTLocation;Z)V+31
j  com.mathworks.hg.peer.FigureClientProxy.showClient(Lcom/mathworks/mwswing/desk/DTLocation;)V+41
j  com.mathworks.hg.peer.FigurePeer.localSetWindowStyle(I)V+304
j  com.mathworks.hg.peer.FigurePeer.doSetWindowStyle(I)V+85
j  com.mathworks.hg.peer.FigurePeer$4.run()V+8
J  com.mathworks.hg.util.HGPeerQueue$HGPeerRunnablesRunner.runit(Z[I)V
v  ~RuntimeStub::alignment_frame_return Runtime1 stub
j  com.mathworks.hg.util.HGPeerQueue$HGPeerRunnablesRunner.runNotThese([I)V+3
j  com.mathworks.hg.util.HGPeerQueue$HGPeerRunnablesRunner.run()V+30
J  java.awt.event.InvocationEvent.dispatch()V
J  java.awt.EventQueue.dispatchEvent(Ljava/awt/AWTEvent;)V
J  java.awt.EventDispatchThread.pumpOneEventForHierarchy(ILjava/awt/Component;)Z
J  java.awt.EventDispatchThread.pumpEventsForHierarchy(ILjava/awt/Conditional;Ljava/awt/Component;)V
v  ~OSRAdapter
j  java.awt.EventDispatchThread.pumpEvents(ILjava/awt/Conditional;)V+4
j  java.awt.EventDispatchThread.pumpEvents(Ljava/awt/Conditional;)V+3
j  java.awt.EventDispatchThread.run()V+9
v  ~StubRoutines::call_stub
V  [jvm.dll+0x8168d]
V  [jvm.dll+0xd4179]
V  [jvm.dll+0x8155e]
V  [jvm.dll+0x812bb]
V  [jvm.dll+0x9bbe9]
V  [jvm.dll+0xfe77f]
V  [jvm.dll+0xfe74d]
C  [msvcrt.dll+0x2a3b0]
C  [kernel32.dll+0xb683]

Java frames: (J=compiled Java code, j=interpreted, Vv=VM code)
j  sun.awt.Win32GraphicsConfig.getBounds(I)Ljava/awt/Rectangle;+0
j  sun.awt.Win32GraphicsConfig.getBounds()Ljava/awt/Rectangle;+8
j  com.mathworks.mwswing.MJUtilities.getVirtualScreenBounds()Ljava/awt/Rectangle;+48
j  com.mathworks.mwswing.desk.DTSingleClientFrame.refineLocation(Lcom/mathworks/mwswing/desk/DTLocation;)Lcom/mathworks/mwswing/desk/DTFloatingLocation;+457
j  com.mathworks.mwswing.desk.DTSingleClientFrame.addClient(Lcom/mathworks/mwswing/desk/DTClient;Lcom/mathworks/mwswing/desk/DTLocation;)V+290
j  com.mathworks.mwswing.desk.Desktop.setClientShowing(Lcom/mathworks/mwswing/desk/DTClient;ZLcom/mathworks/mwswing/desk/DTLocation;Z)V+693
j  com.mathworks.mwswing.desk.Desktop.showClient(Ljava/awt/Component;Lcom/mathworks/mwswing/desk/DTLocation;Z)V+55
j  com.mathworks.mde.desk.MLDesktop.showClient(Ljava/awt/Component;Lcom/mathworks/mwswing/desk/DTLocation;Z)V+31
j  com.mathworks.hg.peer.FigureClientProxy.showClient(Lcom/mathworks/mwswing/desk/DTLocation;)V+41
j  com.mathworks.hg.peer.FigurePeer.localSetWindowStyle(I)V+304
j  com.mathworks.hg.peer.FigurePeer.doSetWindowStyle(I)V+85
j  com.mathworks.hg.peer.FigurePeer$4.run()V+8
J  com.mathworks.hg.util.HGPeerQueue$HGPeerRunnablesRunner.runit(Z[I)V
v  ~RuntimeStub::alignment_frame_return Runtime1 stub
j  com.mathworks.hg.util.HGPeerQueue$HGPeerRunnablesRunner.runNotThese([I)V+3
j  com.mathworks.hg.util.HGPeerQueue$HGPeerRunnablesRunner.run()V+30
J  java.awt.event.InvocationEvent.dispatch()V
J  java.awt.EventQueue.dispatchEvent(Ljava/awt/AWTEvent;)V
J  java.awt.EventDispatchThread.pumpOneEventForHierarchy(ILjava/awt/Component;)Z
J  java.awt.EventDispatchThread.pumpEventsForHierarchy(ILjava/awt/Conditional;Ljava/awt/Component;)V
v  ~OSRAdapter
j  java.awt.EventDispatchThread.pumpEvents(ILjava/awt/Conditional;)V+4
j  java.awt.EventDispatchThread.pumpEvents(Ljava/awt/Conditional;)V+3
j  java.awt.EventDispatchThread.run()V+9
v  ~StubRoutines::call_stub

---------------  P R O C E S S  ---------------

Java Threads: ( => current thread )
  0x0e145e60 JavaThread "Prefs Updater" [_thread_blocked, id=4932]
  0x0d855270 JavaThread "Timer-MWToolTip" [_thread_blocked, id=3800]
  0x0d596250 JavaThread "FigureTreeLockThread" [_thread_blocked, id=2208]
  0x0dee8738 JavaThread "Timer queue for AWT thread" daemon [_thread_blocked, id=4132]
  0x0deaf5b0 JavaThread "Thread-4" [_thread_in_native, id=4176]
  0x0d689ce0 JavaThread "Timer-0" [_thread_blocked, id=5436]
  0x0d61fa10 JavaThread "TimerQueue" daemon [_thread_blocked, id=608]
=>0x0d5dc328 JavaThread "AWT-EventQueue-0" [_thread_in_native, id=2924]
  0x0d5434a0 JavaThread "Java2D Disposer" daemon [_thread_blocked, id=2128]
  0x0d54ee40 JavaThread "AWT-Windows" daemon [_thread_in_native, id=6032]
  0x0d54ea48 JavaThread "AWT-Shutdown" [_thread_blocked, id=5872]
  0x02f74888 JavaThread "Low Memory Detector" daemon [_thread_blocked, id=4308]
  0x02f73500 JavaThread "CompilerThread0" daemon [_thread_blocked, id=5796]
  0x02f72888 JavaThread "Signal Dispatcher" daemon [_thread_blocked, id=5396]
  0x02f69a88 JavaThread "Finalizer" daemon [_thread_blocked, id=2704]
  0x02f685f8 JavaThread "Reference Handler" daemon [_thread_blocked, id=3508]
  0x00229d18 JavaThread "main" [_thread_in_native, id=5704]

Other Threads:
  0x02f644b0 VMThread [id=5708]
  0x02f70e38 WatcherThread [id=5880]

VM state:not at safepoint (normal execution)

VM Mutex/Monitor currently owned by a thread: None

Heap
 def new generation   total 22144K, used 18000K [0x04fb0000, 0x067b0000, 0x067b0000)
  eden space 19712K,  85% used [0x04fb0000, 0x06013c50, 0x062f0000)
  from space 2432K,  50% used [0x06550000, 0x06680698, 0x067b0000)
  to   space 2432K,   0% used [0x062f0000, 0x062f0000, 0x06550000)
 tenured generation   total 73728K, used 48031K [0x067b0000, 0x0afb0000, 0x0afb0000)
   the space 73728K,  65% used [0x067b0000, 0x09697c68, 0x09697e00, 0x0afb0000)
 compacting perm gen  total 23296K, used 23054K [0x0afb0000, 0x0c670000, 0x0cfb0000)
   the space 23296K,  98% used [0x0afb0000, 0x0c633ba0, 0x0c633c00, 0x0c670000)
No shared spaces configured.

Dynamic libraries:
0x00400000 - 0x004d8000 	C:\Programme\MATLAB704\bin\win32\MATLAB.exe
0x7c910000 - 0x7c9c7000 	C:\WINDOWS\system32\ntdll.dll
0x7c800000 - 0x7c907000 	C:\WINDOWS\system32\kernel32.dll
0x784d0000 - 0x784de000 	C:\Programme\MATLAB704\bin\win32\mvalue.dll
0x783d0000 - 0x7845e000 	C:\Programme\MATLAB704\bin\win32\libut.dll
0x76c50000 - 0x76c78000 	C:\WINDOWS\system32\imagehlp.dll
0x77be0000 - 0x77c38000 	C:\WINDOWS\system32\msvcrt.dll
0x781d0000 - 0x78246000 	C:\Programme\MATLAB704\bin\win32\icuuc24.dll
0x78100000 - 0x78105000 	C:\Programme\MATLAB704\bin\win32\icudt24l.dll
0x7c340000 - 0x7c396000 	C:\Programme\MATLAB704\bin\win32\MSVCR71.dll
0x78110000 - 0x78192000 	C:\Programme\MATLAB704\bin\win32\icuin24.dll
0x781a0000 - 0x781ad000 	C:\Programme\MATLAB704\bin\win32\icuio24.dll
0x7c3a0000 - 0x7c41b000 	C:\Programme\MATLAB704\bin\win32\MSVCP71.dll
0x77da0000 - 0x77e4a000 	C:\WINDOWS\system32\ADVAPI32.dll
0x77e50000 - 0x77ee1000 	C:\WINDOWS\system32\RPCRT4.dll
0x774b0000 - 0x775ed000 	C:\WINDOWS\system32\ole32.dll
0x77ef0000 - 0x77f37000 	C:\WINDOWS\system32\GDI32.dll
0x7e360000 - 0x7e3f0000 	C:\WINDOWS\system32\USER32.dll
0x770f0000 - 0x7717b000 	C:\WINDOWS\system32\OLEAUT32.dll
0x78460000 - 0x784a1000 	C:\Programme\MATLAB704\bin\win32\libmx.dll
0x783b0000 - 0x783c2000 	C:\Programme\MATLAB704\bin\win32\zlib1.dll
0x78c60000 - 0x78d55000 	C:\Programme\MATLAB704\bin\win32\libmwservices.dll
0x76350000 - 0x7639a000 	C:\WINDOWS\system32\comdlg32.dll
0x77f40000 - 0x77fb6000 	C:\WINDOWS\system32\SHLWAPI.dll
0x5d450000 - 0x5d4ea000 	C:\WINDOWS\system32\COMCTL32.dll
0x7e670000 - 0x7ee91000 	C:\WINDOWS\system32\SHELL32.dll
0x784e0000 - 0x784f6000 	C:\Programme\MATLAB704\bin\win32\mpath.dll
0x597d0000 - 0x59824000 	C:\WINDOWS\system32\NETAPI32.dll
0x71a10000 - 0x71a27000 	C:\WINDOWS\system32\WS2_32.dll
0x71a00000 - 0x71a08000 	C:\WINDOWS\system32\WS2HELP.dll
0x784b0000 - 0x784be000 	C:\Programme\MATLAB704\bin\win32\libmex.dll
0x78620000 - 0x78687000 	C:\Programme\MATLAB704\bin\win32\m_dispatcher.dll
0x78250000 - 0x783a6000 	C:\Programme\MATLAB704\bin\win32\xerces-c_2_1_0.dll
0x78c40000 - 0x78c52000 	C:\Programme\MATLAB704\bin\win32\datasvcs.dll
0x79080000 - 0x7909b000 	C:\Programme\MATLAB704\bin\win32\mcr.dll
0x79950000 - 0x799ee000 	C:\Programme\MATLAB704\bin\win32\bridge.dll
0x77bd0000 - 0x77bd8000 	C:\WINDOWS\system32\VERSION.dll
0x79840000 - 0x79893000 	C:\Programme\MATLAB704\bin\win32\udd_mi.dll
0x78e60000 - 0x78ed6000 	C:\Programme\MATLAB704\bin\win32\libmwgui.dll
0x78690000 - 0x7898b000 	C:\Programme\MATLAB704\bin\win32\m_interpreter.dll
0x78500000 - 0x78590000 	C:\Programme\MATLAB704\bin\win32\mcos.dll
0x78ba0000 - 0x78baf000 	C:\Programme\MATLAB704\bin\win32\m_pcodeio.dll
0x78bc0000 - 0x78c33000 	C:\Programme\MATLAB704\bin\win32\mlib.dll
0x78b20000 - 0x78b75000 	C:\Programme\MATLAB704\bin\win32\m_ir.dll
0x78b80000 - 0x78b91000 	C:\Programme\MATLAB704\bin\win32\m_pcodegen.dll
0x78990000 - 0x78b1e000 	C:\Programme\MATLAB704\bin\win32\m_parser.dll
0x78bb0000 - 0x78bba000 	C:\Programme\MATLAB704\bin\win32\ir_xfmr.dll
0x784c0000 - 0x784c9000 	C:\Programme\MATLAB704\bin\win32\libmat.dll
0x78590000 - 0x78611000 	C:\Programme\MATLAB704\bin\win32\udd.dll
0x798a0000 - 0x798c8000 	C:\Programme\MATLAB704\bin\win32\jmi.dll
0x79910000 - 0x79919000 	C:\Programme\MATLAB704\bin\win32\mlautoregister.dll
0x7c140000 - 0x7c243000 	C:\Programme\MATLAB704\bin\win32\MFC71.DLL
0x78ee0000 - 0x7902d000 	C:\Programme\MATLAB704\bin\win32\hg.dll
0x78db0000 - 0x78e2c000 	C:\Programme\MATLAB704\bin\win32\uiw.dll
0x78e50000 - 0x78e55000 	C:\Programme\MATLAB704\bin\win32\uinone.dll
0x79050000 - 0x7907a000 	C:\Programme\MATLAB704\bin\win32\libmwhardcopy.dll
0x78e30000 - 0x78e4c000 	C:\Programme\MATLAB704\bin\win32\libuij.dll
0x72f70000 - 0x72f96000 	C:\WINDOWS\system32\WINSPOOL.DRV
0x790a0000 - 0x791f5000 	C:\Programme\MATLAB704\bin\win32\numerics.dll
0x797b0000 - 0x797b7000 	C:\Programme\MATLAB704\bin\win32\libmwamd.dll
0x79240000 - 0x792c6000 	C:\Programme\MATLAB704\bin\win32\libfftw3.dll
0x792d0000 - 0x79351000 	C:\Programme\MATLAB704\bin\win32\libfftw3f.dll
0x79200000 - 0x7921c000 	C:\Programme\MATLAB704\bin\win32\libmwlapack.dll
0x797c0000 - 0x79815000 	C:\Programme\MATLAB704\bin\win32\libmwumfpackv4.3.dll
0x79820000 - 0x79831000 	C:\Programme\MATLAB704\bin\win32\mwoles05.dll
0x798d0000 - 0x79907000 	C:\Programme\MATLAB704\bin\win32\comcli.dll
0x76330000 - 0x7634d000 	C:\WINDOWS\system32\IMM32.DLL
0x773a0000 - 0x774a3000 	C:\WINDOWS\WinSxS\x86_Microsoft.Windows.Common-Controls_6595b64144ccf1df_6.0.2600.2982_x-ww_ac3f9c03\comctl32.dll
0x7c300000 - 0x7c310000 	C:\Programme\MATLAB704\bin\win32\MFC71DEU.DLL
0x7a570000 - 0x7a813000 	C:\Programme\MATLAB704\bin\win32\atlas_Athlon.dll
0x79360000 - 0x797a7000 	C:\Programme\MATLAB704\bin\win32\lapack.dll
0x7c040000 - 0x7c0b5000 	C:\Programme\MATLAB704\bin\win32\DFORRT.DLL
0x746a0000 - 0x746eb000 	C:\WINDOWS\system32\MSCTF.dll
0x10000000 - 0x10006000 	C:\Programme\PC-Zeit\PCZeitH.dll
0x6d640000 - 0x6d7c5000 	C:\Programme\MATLAB704\sys\java\jre\win32\jre1.5.0\bin\client\jvm.dll
0x76af0000 - 0x76b1e000 	C:\WINDOWS\system32\WINMM.dll
0x75250000 - 0x7527e000 	C:\WINDOWS\system32\msctfime.ime
0x6d280000 - 0x6d288000 	C:\Programme\MATLAB704\sys\java\jre\win32\jre1.5.0\bin\hpi.dll
0x76bb0000 - 0x76bbb000 	C:\WINDOWS\system32\PSAPI.DLL
0x6d610000 - 0x6d61c000 	C:\Programme\MATLAB704\sys\java\jre\win32\jre1.5.0\bin\verify.dll
0x6d300000 - 0x6d31d000 	C:\Programme\MATLAB704\sys\java\jre\win32\jre1.5.0\bin\java.dll
0x6d630000 - 0x6d63f000 	C:\Programme\MATLAB704\sys\java\jre\win32\jre1.5.0\bin\zip.dll
0x799f0000 - 0x79a01000 	C:\Programme\MATLAB704\bin\win32\jmi_mi.dll
0x6d000000 - 0x6d166000 	C:\Programme\MATLAB704\sys\java\jre\win32\jre1.5.0\bin\awt.dll
0x7a530000 - 0x7a53c000 	C:\Programme\MATLAB704\bin\win32\nativejava.dll
0x6d240000 - 0x6d27d000 	C:\Programme\MATLAB704\sys\java\jre\win32\jre1.5.0\bin\fontmanager.dll
0x6d4c0000 - 0x6d4d3000 	C:\Programme\MATLAB704\sys\java\jre\win32\jre1.5.0\bin\net.dll
0x719b0000 - 0x719f0000 	C:\WINDOWS\system32\mswsock.dll
0x66710000 - 0x66769000 	C:\WINDOWS\system32\hnetcfg.dll
0x590b0000 - 0x590b7000 	C:\WINDOWS\System32\wship6.dll
0x6d4e0000 - 0x6d4e9000 	C:\Programme\MATLAB704\sys\java\jre\win32\jre1.5.0\bin\nio.dll
0x7a540000 - 0x7a548000 	C:\Programme\MATLAB704\bin\win32\nativelex.dll
0x68600000 - 0x68655000 	C:\WINDOWS\System32\spool\DRIVERS\W32X86\3\OPHC_UI.DLL
0x76620000 - 0x766d5000 	C:\WINDOWS\system32\USERENV.dll
0x5b0f0000 - 0x5b128000 	C:\WINDOWS\system32\UxTheme.dll
0x76ee0000 - 0x76f07000 	C:\WINDOWS\system32\DNSAPI.dll
0x76f70000 - 0x76f78000 	C:\WINDOWS\System32\winrnr.dll
0x76f20000 - 0x76f4d000 	C:\WINDOWS\system32\WLDAP32.dll
0x6f790000 - 0x6f7a2000 	C:\WINDOWS\system32\pnrpnsp.dll
0x16080000 - 0x160a5000 	C:\Programme\Bonjour\mdnsNSP.dll
0x76d20000 - 0x76d39000 	C:\WINDOWS\system32\Iphlpapi.dll
0x76f80000 - 0x76f86000 	C:\WINDOWS\system32\rasadhlp.dll
0x78d60000 - 0x78dab000 	C:\Programme\MATLAB704\bin\win32\libmwbuiltins.dll
0x77b10000 - 0x77b32000 	C:\WINDOWS\system32\Apphelp.dll
0x0fb20000 - 0x0fb29000 	C:\Programme\MATLAB704\toolbox\matlab\graph2d\private\lineseriesmex.dll
0x7a550000 - 0x7a555000 	C:\Programme\MATLAB704\bin\win32\nativehg.dll
0x0fc50000 - 0x0fc55000 	C:\Programme\MATLAB704\toolbox\matlab\datatypes\cellfun.dll
0x6d360000 - 0x6d366000 	C:\Programme\MATLAB704\sys\java\jre\win32\jre1.5.0\bin\jawt.dll
0x0dab0000 - 0x0dab8000 	C:\Programme\stickies\shook45.dll
0x6d1c0000 - 0x6d1e3000 	C:\Programme\MATLAB704\sys\java\jre\win32\jre1.5.0\bin\dcpr.dll
0x76f90000 - 0x7700f000 	C:\WINDOWS\system32\CLBCATQ.DLL
0x77010000 - 0x770e3000 	C:\WINDOWS\system32\COMRes.dll
0x7e1e0000 - 0x7e34f000 	C:\WINDOWS\System32\shdocvw.dll
0x77a50000 - 0x77ae5000 	C:\WINDOWS\system32\CRYPT32.dll
0x77af0000 - 0x77b02000 	C:\WINDOWS\system32\MSASN1.dll
0x76880000 - 0x76905000 	C:\WINDOWS\system32\CRYPTUI.dll
0x76bf0000 - 0x76c1e000 	C:\WINDOWS\system32\WINTRUST.dll
0x441e0000 - 0x442af000 	C:\WINDOWS\system32\WININET.dll
0x10340000 - 0x10349000 	C:\WINDOWS\system32\Normaliz.dll
0x43f60000 - 0x43fa5000 	C:\WINDOWS\system32\iertutil.dll
0x77fc0000 - 0x77fd1000 	C:\WINDOWS\system32\Secur32.dll
0x779f0000 - 0x77a46000 	C:\WINDOWS\System32\cscui.dll
0x765a0000 - 0x765bd000 	C:\WINDOWS\System32\CSCDLL.dll
0x75f20000 - 0x7601d000 	C:\WINDOWS\System32\browseui.dll
0x778f0000 - 0x779e4000 	C:\WINDOWS\system32\SETUPAPI.dll
0x76930000 - 0x76938000 	C:\WINDOWS\system32\LINKINFO.dll
0x76940000 - 0x76966000 	C:\WINDOWS\system32\ntshrui.dll
0x76ad0000 - 0x76ae1000 	C:\WINDOWS\system32\ATL.DLL

VM Arguments:
jvm_args: -Xss512k -Xms64m -Xmx96m -XX:NewRatio=3 -XX:MaxPermSize=32M -Dsun.java2d.noddraw=true -Dsun.awt.nopixfmt=true -Djava.library.path=C:\Programme\MATLAB704\bin\win32 vfprintf abort
java_command: <unknown>

Environment Variables:
CLASSPATH=.;C:\Programme\Java\jre1.6.0_07\lib\ext\QTJava.zip
PATH=C:\Programme\Matlab6p5\bin\win32;C:\WINDOWS\system32;C:\WINDOWS;C:\WINDOWS\System32\Wbem;C:\Programme\ATI Technologies\ATI Control Panel;f:\_projects\matlab6p5\bin\win32;C:\orant\bin;C:\Programme\MATLAB704\bin\win32;c:\programme\matlab6p5\bin\win32;C:\Programme\Intel\DMIX;C:\Programme\Gemeinsame Dateien\Adobe\AGL;C:\Programme\QuickTime\QTSystem\;
USERNAME=sein
OS=Windows_NT
PROCESSOR_IDENTIFIER=x86 Family 6 Model 10 Stepping 0, AuthenticAMD


---------------  S Y S T E M  ---------------

OS: Windows XP Build 2600 Service Pack 2

CPU:total 1 family 6, cmov, cx8, fxsr, mmx, sse

Memory: 4k page, physical 2096624k(791080k free), swap 4194303k(3614688k free)

vm_info: Java HotSpot(TM) Client VM (1.5.0-b64) for windows-x86, built on Sep 15 2004 03:00:31 by "java_re" with MS VC++ 6.0

